<?xml version="1.0" encoding="UTF-8"?>
<!-- Generated by org.testng.reporters.JUnitReportReporter -->
<testsuite hostname="DESKTOP-9R00FUT" failures="0" tests="4" name="Tests.WindowOperationsTest" time="20.399" errors="0" timestamp="2025-09-21T18:12:13 IST" skipped="0">
  <testcase classname="Tests.WindowOperationsTest" name="VerifyClickWindowOperations" time="7.373"/>
  <testcase classname="Tests.WindowOperationsTest" name="VerifyNewTabOpensSuccessfully" time="3.227"/>
  <testcase classname="Tests.WindowOperationsTest" name="VerifyNewWindowOpensSuccessfully" time="1.510"/>
  <testcase classname="Tests.WindowOperationsTest" name="VerifyReplaceWindowOpensSuccessfully" time="8.289"/>
</testsuite> <!-- Tests.WindowOperationsTest -->
