<?xml version="1.0" encoding="UTF-8"?>
<!-- Generated by org.testng.reporters.JUnitReportReporter -->
<testsuite hostname="DESKTOP-9R00FUT" failures="0" tests="2" name="Tests.FormFieldTest" time="48.427" errors="0" timestamp="2025-09-12T20:10:27 IST" skipped="0">
  <testcase classname="Tests.FormFieldTest" name="verifyFormFieldButtonClick" time="7.247"/>
  <testcase classname="Tests.FormFieldTest" name="enterValidDetails" time="41.180"/>
</testsuite> <!-- Tests.FormFieldTest -->
