<?xml version="1.0" encoding="UTF-8"?>
<!-- Generated by org.testng.reporters.JUnitReportReporter -->
<testsuite hostname="DESKTOP-9R00FUT" failures="0" tests="6" name="Tests.AlertTest" time="10.070" errors="0" timestamp="2025-09-21T18:12:13 IST" skipped="0">
  <testcase classname="Tests.AlertTest" name="verifyPopupButtonClick" time="8.757"/>
  <testcase classname="Tests.AlertTest" name="verifyAlertPopup" time="0.169"/>
  <testcase classname="Tests.AlertTest" name="verifyAcceptConfirmPopup" time="0.344"/>
  <testcase classname="Tests.AlertTest" name="verifyDismissConfirmPopup" time="0.205"/>
  <testcase classname="Tests.AlertTest" name="verifyPromptPopupWithName" time="0.294"/>
  <testcase classname="Tests.AlertTest" name="verifyDismissPromptPopup" time="0.301"/>
</testsuite> <!-- Tests.AlertTest -->
