<?xml version="1.0" encoding="UTF-8"?>
<!-- Generated by org.testng.reporters.JUnitReportReporter -->
<testsuite hostname="DESKTOP-9R00FUT" failures="0" tests="1" name="Tests.HomePageTest" time="0.151" errors="0" timestamp="2025-09-21T18:12:13 IST" skipped="0">
  <testcase classname="Tests.HomePageTest" name="verifyHomePageIsAccessible" time="0.151"/>
</testsuite> <!-- Tests.HomePageTest -->
