<?xml version="1.0" encoding="UTF-8"?>
<!-- Generated by org.testng.reporters.JUnitReportReporter -->
<testsuite hostname="DESKTOP-9R00FUT" failures="0" tests="2" name="Tests.FormFieldTest" time="3.239" errors="0" timestamp="2025-09-21T18:12:13 IST" skipped="0">
  <testcase classname="Tests.FormFieldTest" name="verifyFormFieldButtonClick" time="1.931"/>
  <testcase classname="Tests.FormFieldTest" name="enterValidDetails" time="1.308"/>
</testsuite> <!-- Tests.FormFieldTest -->
