<?xml version="1.0" encoding="UTF-8"?>
<!-- Generated by org.testng.reporters.JUnitReportReporter -->
<testsuite hostname="DESKTOP-9R00FUT" failures="0" tests="2" name="Tests.FormFieldTest" time="17.641" errors="0" timestamp="2025-09-14T18:28:40 IST" skipped="0">
  <testcase classname="Tests.FormFieldTest" name="verifyFormFieldButtonClick" time="15.876"/>
  <testcase classname="Tests.FormFieldTest" name="enterValidDetails" time="1.765"/>
</testsuite> <!-- Tests.FormFieldTest -->
