<?xml version="1.0" encoding="UTF-8"?>
<!-- Generated by org.testng.reporters.JUnitReportReporter -->
<testsuite hostname="DESKTOP-9R00FUT" failures="0" tests="1" name="Tests.HomePageTest" time="44.543" errors="0" timestamp="2025-09-14T18:28:40 IST" skipped="0">
  <testcase classname="Tests.HomePageTest" name="verifyHomePageIsAccessible" time="44.543"/>
</testsuite> <!-- Tests.HomePageTest -->
