<?xml version="1.0" encoding="UTF-8"?>
<!-- Generated by org.testng.reporters.JUnitReportReporter -->
<testsuite hostname="DESKTOP-9R00FUT" failures="0" tests="6" name="Tests.AlertTest" time="77.230" errors="0" timestamp="2025-09-14T18:28:40 IST" skipped="0">
  <testcase classname="Tests.AlertTest" name="verifyPopupButtonClick" time="7.416"/>
  <testcase classname="Tests.AlertTest" name="verifyAlertPopup" time="0.185"/>
  <testcase classname="Tests.AlertTest" name="verifyAcceptConfirmPopup" time="0.365"/>
  <testcase classname="Tests.AlertTest" name="verifyDismissConfirmPopup" time="0.447"/>
  <testcase classname="Tests.AlertTest" name="verifyPromptPopupWithName" time="0.274"/>
  <testcase classname="Tests.AlertTest" name="verifyDismissPromptPopup" time="68.543"/>
</testsuite> <!-- Tests.AlertTest -->
